<?xml version="1.0" encoding="UTF-8"?>
<testsuite xmlns:xsi="http://www.w3.org/2001/XMLSchema-instance" xsi:noNamespaceSchemaLocation="https://maven.apache.org/surefire/maven-surefire-plugin/xsd/surefire-test-report-3.0.xsd" version="3.0" name="com.cozydating.server.GameServerTests" time="1.243" tests="8" errors="0" skipped="0" failures="0">
  <properties>
[...]
</properties>
  <testcase name="testDatabaseTicketAtomicTransactions" classname="com.cozydating.server.GameServerTests" time="0.034">
    <system-out><![CDATA[2026-09-03T02:04:15.758-04:00  INFO 8564 --- [           main] t.c.s.AnnotationConfigContextLoaderUtils : Could not detect default configuration classes for test class [com.cozydating.server.GameServerTests]: GameServerTests does not declare any static, non-private, non-final, nested classes annotated with @Configuration.
2026-09-03T02:04:15.770-04:00  INFO 8564 --- [           main] .b.t.c.SpringBootTestContextBootstrapper : Found @SpringBootConfiguration com.cozydating.server.ServerApplication for test class com.cozydating.server.GameServerTests

  .   ____          _            __ _ _
 /\\ / ___'_ __ _ _(_)_ __  __ _ \ \ \ \
( ( )\___ | '_ | '_| | '_ \/ _` | \ \ \ \
 \\/  ___)| |_)| | | | | || (_| |  ) ) ) )
  '  |____| .__|_| |_|_| |_\__, | / / / /
 =========|_|==============|___/=/_/_/_/
 :: Spring Boot ::                (v3.2.2)

2026-09-03T02:04:15.894-04:00  INFO 8564 --- [           main] com.cozydating.server.GameServerTests    : Starting GameServerTests using Java 25.0.1 with PID 8564 (started by Asus in C:\Users\Asus\ProyectoJuegoDating\backend)
2026-09-03T02:04:15.894-04:00  INFO 8564 --- [           main] com.cozydating.server.GameServerTests    : The following 1 profile is active: "test"
2026-09-03T02:04:16.428-04:00  INFO 8564 --- [           main] c.c.server.service.DatabaseService       : [DB INIT] Initializing MySQL database schema and tables...
2026-09-03T02:04:16.429-04:00  INFO 8564 --- [           main] com.zaxxer.hikari.HikariDataSource       : HikariPool-2 - Starting...
2026-09-03T02:04:16.431-04:00  INFO 8564 --- [           main] com.zaxxer.hikari.pool.HikariPool        : HikariPool-2 - Added connection conn10: url=jdbc:h2:mem:testdb user=SA
2026-09-03T02:04:16.431-04:00  INFO 8564 --- [           main] com.zaxxer.hikari.HikariDataSource       : HikariPool-2 - Start completed.
2026-09-03T02:04:16.696-04:00  INFO 8564 --- [           main] com.cozydating.server.GameServerTests    : Started GameServerTests in 0.906 seconds (process running for 14.281)
2026-09-03T02:04:16.709-04:00  INFO 8564 --- [           main] c.c.server.service.MatchmakingService    : [MATCHMAKING CLEAR] Queue reset.
2026-09-03T02:04:16.710-04:00  INFO 8564 --- [           main] c.c.server.service.GameSessionService    : [GAME SESSION CLEAR] All rooms reset.
2026-09-03T02:04:16.716-04:00  INFO 8564 --- [           main] c.c.server.service.DatabaseService       : [DB TRANSACTION] Starting atomic ticket reservation for userId: userA
2026-09-03T02:04:16.721-04:00  INFO 8564 --- [           main] c.c.server.service.DatabaseService       : [DB TRANSACTION SUCCESS] Reserved 1 voice ticket for userId: userA. New Balance: 4
2026-09-03T02:04:16.722-04:00  INFO 8564 --- [           main] c.c.server.service.DatabaseService       : [DB TRANSACTION] Starting ticket refund process for userId: userA
2026-09-03T02:04:16.726-04:00  INFO 8564 --- [           main] c.c.server.service.DatabaseService       : [DB TRANSACTION REFUNDED] Refunded 1 voice ticket to userId: userA. Updated Balance: 5
2026-09-03T02:04:16.728-04:00  INFO 8564 --- [           main] c.c.server.service.DatabaseService       : [DB TRANSACTION] Starting atomic ticket reservation for userId: userC
2026-09-03T02:04:16.728-04:00  WARN 8564 --- [           main] c.c.server.service.DatabaseService       : [DB TRANSACTION REJECT] Cannot reserve ticket for userId: userC. Current Balance: 0
]]></system-out>
  </testcase>
  <testcase name="testBlocklistExcludesMatch" classname="com.cozydating.server.GameServerTests" time="0.051">
    <system-out><![CDATA[2026-09-03T02:04:16.750-04:00  INFO 8564 --- [           main] c.c.server.service.MatchmakingService    : [MATCHMAKING CLEAR] Queue reset.
2026-09-03T02:04:16.751-04:00  INFO 8564 --- [           main] c.c.server.service.GameSessionService    : [GAME SESSION CLEAR] All rooms reset.
2026-09-03T02:04:16.753-04:00  INFO 8564 --- [           main] c.c.server.service.DatabaseService       : [DB BLOCK INSERT] Creating directional block entry: userA -> userB
2026-09-03T02:04:16.755-04:00  INFO 8564 --- [           main] c.c.server.service.DatabaseService       : [DB BLOCK SUCCESS] Directional block entry committed to MySQL database.
2026-09-03T02:04:16.756-04:00  INFO 8564 --- [           main] c.c.server.service.MatchmakingService    : [MATCHMAKING REQUEST] User userA (null) requesting to join queue [Commune: Santiago, TimeSlot: 20, Mode: VOICE]
2026-09-03T02:04:16.757-04:00  INFO 8564 --- [           main] c.c.server.service.MatchmakingService    : [MATCHMAKING VOICE CHECK] User userA tickets balance: 5
2026-09-03T02:04:16.759-04:00  INFO 8564 --- [           main] c.c.server.service.MatchmakingService    : [MATCHMAKING QUEUED] User userA successfully added to queue. Current Queue Size: 1
2026-09-03T02:04:16.759-04:00  INFO 8564 --- [           main] c.c.server.service.MatchmakingService    : [MATCHMAKING SCAN] Scanning active queue of 1 candidates...
2026-09-03T02:04:16.775-04:00  INFO 8564 --- [           main] c.c.server.service.MatchmakingService    : [MATCHMAKING SCAN] Insufficient candidates (<2) in queue. Waiting for more users.
2026-09-03T02:04:16.776-04:00  INFO 8564 --- [           main] c.c.server.service.MatchmakingService    : [MATCHMAKING REQUEST] User userB (null) requesting to join queue [Commune: Santiago, TimeSlot: 20, Mode: VOICE]
2026-09-03T02:04:16.776-04:00  INFO 8564 --- [           main] c.c.server.service.MatchmakingService    : [MATCHMAKING VOICE CHECK] User userB tickets balance: 3
2026-09-03T02:04:16.777-04:00  INFO 8564 --- [           main] c.c.server.service.MatchmakingService    : [MATCHMAKING QUEUED] User userB successfully added to queue. Current Queue Size: 2
2026-09-03T02:04:16.777-04:00  INFO 8564 --- [           main] c.c.server.service.MatchmakingService    : [MATCHMAKING SCAN] Scanning active queue of 2 candidates...
2026-09-03T02:04:16.777-04:00  INFO 8564 --- [           main] c.c.server.service.MatchmakingService    : [MATCHMAKING EVAL] Comparing candidate A (userA) with candidate B (userB)...
2026-09-03T02:04:16.785-04:00  INFO 8564 --- [           main] c.c.server.service.DatabaseService       : [DB BLOCK CHECK] Block check between userA and userB: BLOCKED (Match Excluded)
2026-09-03T02:04:16.786-04:00  INFO 8564 --- [           main] c.c.server.service.MatchmakingService    : [MATCHMAKING EVAL RESULT] Candidates (userA vs userB): Mode: true, Commune: true, Slot: true, DiffUser: true, NotBlocked: false
]]></system-out>
  </testcase>
  <testcase name="testEmergencyDisconnectAndPermanentBlock" classname="com.cozydating.server.GameServerTests" time="0.037">
    <system-out><![CDATA[2026-09-03T02:04:16.804-04:00  INFO 8564 --- [           main] c.c.server.service.MatchmakingService    : [MATCHMAKING CLEAR] Queue reset.
2026-09-03T02:04:16.804-04:00  INFO 8564 --- [           main] c.c.server.service.GameSessionService    : [GAME SESSION CLEAR] All rooms reset.
2026-09-03T02:04:16.805-04:00  INFO 8564 --- [           main] c.c.server.service.MatchmakingService    : [MATCHMAKING REQUEST] User userA (null) requesting to join queue [Commune: Santiago, TimeSlot: 20, Mode: SILENT]
2026-09-03T02:04:16.805-04:00  INFO 8564 --- [           main] c.c.server.service.MatchmakingService    : [MATCHMAKING QUEUED] User userA successfully added to queue. Current Queue Size: 1
2026-09-03T02:04:16.805-04:00  INFO 8564 --- [           main] c.c.server.service.MatchmakingService    : [MATCHMAKING SCAN] Scanning active queue of 1 candidates...
2026-09-03T02:04:16.806-04:00  INFO 8564 --- [           main] c.c.server.service.MatchmakingService    : [MATCHMAKING SCAN] Insufficient candidates (<2) in queue. Waiting for more users.
2026-09-03T02:04:16.806-04:00  INFO 8564 --- [           main] c.c.server.service.MatchmakingService    : [MATCHMAKING REQUEST] User userB (null) requesting to join queue [Commune: Santiago, TimeSlot: 20, Mode: SILENT]
2026-09-03T02:04:16.806-04:00  INFO 8564 --- [           main] c.c.server.service.MatchmakingService    : [MATCHMAKING QUEUED] User userB successfully added to queue. Current Queue Size: 2
2026-09-03T02:04:16.806-04:00  INFO 8564 --- [           main] c.c.server.service.MatchmakingService    : [MATCHMAKING SCAN] Scanning active queue of 2 candidates...
2026-09-03T02:04:16.806-04:00  INFO 8564 --- [           main] c.c.server.service.MatchmakingService    : [MATCHMAKING EVAL] Comparing candidate A (userA) with candidate B (userB)...
2026-09-03T02:04:16.807-04:00  INFO 8564 --- [           main] c.c.server.service.DatabaseService       : [DB BLOCK CHECK] Block check between userA and userB: NO BLOCKS FOUND (Clean)
2026-09-03T02:04:16.807-04:00  INFO 8564 --- [           main] c.c.server.service.MatchmakingService    : [MATCHMAKING EVAL RESULT] Candidates (userA vs userB): Mode: true, Commune: true, Slot: true, DiffUser: true, NotBlocked: true
2026-09-03T02:04:16.807-04:00  INFO 8564 --- [           main] c.c.server.service.MatchmakingService    : [MATCHMAKING MATCH FOUND] Valid pair identified: userA <-> userB for mode SILENT
2026-09-03T02:04:16.808-04:00  INFO 8564 --- [           main] c.c.server.service.MatchmakingService    : [MATCHMAKING ROOM INIT] Creating room room_58849877 for Explorer userA (userA) and Guide userB (userB) [Mode: SILENT]
2026-09-03T02:04:16.808-04:00  INFO 8564 --- [           main] c.c.server.service.GameSessionService    : [GAME SESSION INIT] Building room room_58849877 [Explorer: userA (userA), Guide: userB (userB), Mode: SILENT]
2026-09-03T02:04:16.808-04:00  INFO 8564 --- [           main] c.c.server.service.GameSessionService    : [GAME SESSION NOTIFY] Dispatching SESSION_INIT packet to Explorer (userA) with partner data (userB)
2026-09-03T02:04:16.810-04:00  INFO 8564 --- [           main] c.c.server.service.GameSessionService    : [GAME SESSION NOTIFY] Dispatching SESSION_INIT packet to Guide (userB) with partner data (userA)
2026-09-03T02:04:16.823-04:00  INFO 8564 --- [           main] c.c.server.service.DatabaseService       : [DB MAILBOX] Created new mailbox match letter: room_58849877 between userA and userB
2026-09-03T02:04:16.824-04:00  WARN 8564 --- [           main] c.c.server.service.GameSessionService    : [EXIT DISCONNECT] User userA triggered exit (ShouldBlock: true)! Destroying room room_58849877 in 0ms.
2026-09-03T02:04:16.824-04:00  INFO 8564 --- [           main] c.c.server.service.GameSessionService    : [EXIT BLOCK] Registering reciprocal permanent block between userA and userB in MySQL...
2026-09-03T02:04:16.824-04:00  INFO 8564 --- [           main] c.c.server.service.DatabaseService       : [DB BLOCK INSERT] Creating directional block entry: userA -> userB
2026-09-03T02:04:16.825-04:00  INFO 8564 --- [           main] c.c.server.service.DatabaseService       : [DB BLOCK SUCCESS] Directional block entry committed to MySQL database.
2026-09-03T02:04:16.827-04:00  INFO 8564 --- [           main] c.c.server.service.DatabaseService       : [DB BLOCK CHECK] Block check between userA and userB: BLOCKED (Match Excluded)
]]></system-out>
  </testcase>
  <testcase name="testMatchmakingAndTicketReservation" classname="com.cozydating.server.GameServerTests" time="0.032">
    <system-out><![CDATA[2026-09-03T02:04:16.839-04:00  INFO 8564 --- [           main] c.c.server.service.MatchmakingService    : [MATCHMAKING CLEAR] Queue reset.
2026-09-03T02:04:16.839-04:00  INFO 8564 --- [           main] c.c.server.service.GameSessionService    : [GAME SESSION CLEAR] All rooms reset.
2026-09-03T02:04:16.840-04:00  INFO 8564 --- [           main] c.c.server.service.MatchmakingService    : [MATCHMAKING REQUEST] User userA (null) requesting to join queue [Commune: Santiago, TimeSlot: 20, Mode: VOICE]
2026-09-03T02:04:16.840-04:00  INFO 8564 --- [           main] c.c.server.service.MatchmakingService    : [MATCHMAKING VOICE CHECK] User userA tickets balance: 5
2026-09-03T02:04:16.841-04:00  INFO 8564 --- [           main] c.c.server.service.MatchmakingService    : [MATCHMAKING QUEUED] User userA successfully added to queue. Current Queue Size: 1
2026-09-03T02:04:16.841-04:00  INFO 8564 --- [           main] c.c.server.service.MatchmakingService    : [MATCHMAKING SCAN] Scanning active queue of 1 candidates...
2026-09-03T02:04:16.841-04:00  INFO 8564 --- [           main] c.c.server.service.MatchmakingService    : [MATCHMAKING SCAN] Insufficient candidates (<2) in queue. Waiting for more users.
2026-09-03T02:04:16.842-04:00  INFO 8564 --- [           main] c.c.server.service.MatchmakingService    : [MATCHMAKING REQUEST] User userB (null) requesting to join queue [Commune: Santiago, TimeSlot: 20, Mode: VOICE]
2026-09-03T02:04:16.842-04:00  INFO 8564 --- [           main] c.c.server.service.MatchmakingService    : [MATCHMAKING VOICE CHECK] User userB tickets balance: 3
2026-09-03T02:04:16.843-04:00  INFO 8564 --- [           main] c.c.server.service.MatchmakingService    : [MATCHMAKING QUEUED] User userB successfully added to queue. Current Queue Size: 2
2026-09-03T02:04:16.843-04:00  INFO 8564 --- [           main] c.c.server.service.MatchmakingService    : [MATCHMAKING SCAN] Scanning active queue of 2 candidates...
2026-09-03T02:04:16.844-04:00  INFO 8564 --- [           main] c.c.server.service.MatchmakingService    : [MATCHMAKING EVAL] Comparing candidate A (userA) with candidate B (userB)...
2026-09-03T02:04:16.844-04:00  INFO 8564 --- [           main] c.c.server.service.DatabaseService       : [DB BLOCK CHECK] Block check between userA and userB: NO BLOCKS FOUND (Clean)
2026-09-03T02:04:16.844-04:00  INFO 8564 --- [           main] c.c.server.service.MatchmakingService    : [MATCHMAKING EVAL RESULT] Candidates (userA vs userB): Mode: true, Commune: true, Slot: true, DiffUser: true, NotBlocked: true
2026-09-03T02:04:16.844-04:00  INFO 8564 --- [           main] c.c.server.service.MatchmakingService    : [MATCHMAKING MATCH FOUND] Valid pair identified: userA <-> userB for mode VOICE
2026-09-03T02:04:16.844-04:00  INFO 8564 --- [           main] c.c.server.service.MatchmakingService    : [MATCHMAKING TRANSACTION] Executing voice ticket reservation for userA and userB...
2026-09-03T02:04:16.845-04:00  INFO 8564 --- [           main] c.c.server.service.DatabaseService       : [DB TRANSACTION] Starting atomic ticket reservation for userId: userA
2026-09-03T02:04:16.846-04:00  INFO 8564 --- [           main] c.c.server.service.DatabaseService       : [DB TRANSACTION SUCCESS] Reserved 1 voice ticket for userId: userA. New Balance: 4
2026-09-03T02:04:16.847-04:00  INFO 8564 --- [           main] c.c.server.service.DatabaseService       : [DB TRANSACTION] Starting atomic ticket reservation for userId: userB
2026-09-03T02:04:16.850-04:00  INFO 8564 --- [           main] c.c.server.service.DatabaseService       : [DB TRANSACTION SUCCESS] Reserved 1 voice ticket for userId: userB. New Balance: 2
2026-09-03T02:04:16.851-04:00  INFO 8564 --- [           main] c.c.server.service.MatchmakingService    : [MATCHMAKING ROOM INIT] Creating room room_eefdf2c5 for Explorer userA (userA) and Guide userB (userB) [Mode: VOICE]
2026-09-03T02:04:16.851-04:00  INFO 8564 --- [           main] c.c.server.service.GameSessionService    : [GAME SESSION INIT] Building room room_eefdf2c5 [Explorer: userA (userA), Guide: userB (userB), Mode: VOICE]
2026-09-03T02:04:16.851-04:00  INFO 8564 --- [           main] c.c.server.service.GameSessionService    : [GAME SESSION LIVEKIT] Signing LiveKit JWT access tokens for roomId: room_eefdf2c5
2026-09-03T02:04:16.854-04:00  INFO 8564 --- [           main] c.c.server.service.GameSessionService    : [GAME SESSION NOTIFY] Dispatching SESSION_INIT packet to Explorer (userA) with partner data (userB)
2026-09-03T02:04:16.854-04:00  INFO 8564 --- [           main] c.c.server.service.GameSessionService    : [GAME SESSION NOTIFY] Dispatching SESSION_INIT packet to Guide (userB) with partner data (userA)
2026-09-03T02:04:16.857-04:00  INFO 8564 --- [           main] c.c.server.service.DatabaseService       : [DB MAILBOX] Created new mailbox match letter: room_eefdf2c5 between userA and userB
]]></system-out>
  </testcase>
  <testcase name="testReciprocalBlocks" classname="com.cozydating.server.GameServerTests" time="0.016">
    <system-out><![CDATA[2026-09-03T02:04:16.875-04:00  INFO 8564 --- [           main] c.c.server.service.MatchmakingService    : [MATCHMAKING CLEAR] Queue reset.
2026-09-03T02:04:16.875-04:00  INFO 8564 --- [           main] c.c.server.service.GameSessionService    : [GAME SESSION CLEAR] All rooms reset.
2026-09-03T02:04:16.877-04:00  INFO 8564 --- [           main] c.c.server.service.DatabaseService       : [DB BLOCK CHECK] Block check between userA and userB: NO BLOCKS FOUND (Clean)
2026-09-03T02:04:16.877-04:00  INFO 8564 --- [           main] c.c.server.service.DatabaseService       : [DB BLOCK INSERT] Creating directional block entry: userA -> userB
2026-09-03T02:04:16.877-04:00  INFO 8564 --- [           main] c.c.server.service.DatabaseService       : [DB BLOCK SUCCESS] Directional block entry committed to MySQL database.
2026-09-03T02:04:16.878-04:00  INFO 8564 --- [           main] c.c.server.service.DatabaseService       : [DB BLOCK CHECK] Block check between userA and userB: BLOCKED (Match Excluded)
2026-09-03T02:04:16.879-04:00  INFO 8564 --- [           main] c.c.server.service.DatabaseService       : [DB BLOCK CHECK] Block check between userB and userA: BLOCKED (Match Excluded)
]]></system-out>
  </testcase>
  <testcase name="testWaitingReconnectGraceTimeoutRefunds" classname="com.cozydating.server.GameServerTests" time="0.045">
    <system-out><![CDATA[2026-09-03T02:04:16.890-04:00  INFO 8564 --- [           main] c.c.server.service.MatchmakingService    : [MATCHMAKING CLEAR] Queue reset.
2026-09-03T02:04:16.891-04:00  INFO 8564 --- [           main] c.c.server.service.GameSessionService    : [GAME SESSION CLEAR] All rooms reset.
2026-09-03T02:04:16.893-04:00  INFO 8564 --- [           main] c.c.server.service.MatchmakingService    : [MATCHMAKING REQUEST] User userA (null) requesting to join queue [Commune: Santiago, TimeSlot: 20, Mode: VOICE]
2026-09-03T02:04:16.895-04:00  INFO 8564 --- [           main] c.c.server.service.MatchmakingService    : [MATCHMAKING VOICE CHECK] User userA tickets balance: 5
2026-09-03T02:04:16.896-04:00  INFO 8564 --- [           main] c.c.server.service.MatchmakingService    : [MATCHMAKING QUEUED] User userA successfully added to queue. Current Queue Size: 1
2026-09-03T02:04:16.896-04:00  INFO 8564 --- [           main] c.c.server.service.MatchmakingService    : [MATCHMAKING SCAN] Scanning active queue of 1 candidates...
2026-09-03T02:04:16.896-04:00  INFO 8564 --- [           main] c.c.server.service.MatchmakingService    : [MATCHMAKING SCAN] Insufficient candidates (<2) in queue. Waiting for more users.
2026-09-03T02:04:16.897-04:00  INFO 8564 --- [           main] c.c.server.service.MatchmakingService    : [MATCHMAKING REQUEST] User userD (null) requesting to join queue [Commune: Santiago, TimeSlot: 20, Mode: VOICE]
2026-09-03T02:04:16.897-04:00  INFO 8564 --- [           main] c.c.server.service.MatchmakingService    : [MATCHMAKING VOICE CHECK] User userD tickets balance: 1
2026-09-03T02:04:16.898-04:00  INFO 8564 --- [           main] c.c.server.service.MatchmakingService    : [MATCHMAKING QUEUED] User userD successfully added to queue. Current Queue Size: 2
2026-09-03T02:04:16.898-04:00  INFO 8564 --- [           main] c.c.server.service.MatchmakingService    : [MATCHMAKING SCAN] Scanning active queue of 2 candidates...
2026-09-03T02:04:16.898-04:00  INFO 8564 --- [           main] c.c.server.service.MatchmakingService    : [MATCHMAKING EVAL] Comparing candidate A (userA) with candidate B (userD)...
2026-09-03T02:04:16.899-04:00  INFO 8564 --- [           main] c.c.server.service.DatabaseService       : [DB BLOCK CHECK] Block check between userA and userD: NO BLOCKS FOUND (Clean)
2026-09-03T02:04:16.899-04:00  INFO 8564 --- [           main] c.c.server.service.MatchmakingService    : [MATCHMAKING EVAL RESULT] Candidates (userA vs userD): Mode: true, Commune: true, Slot: true, DiffUser: true, NotBlocked: true
2026-09-03T02:04:16.900-04:00  INFO 8564 --- [           main] c.c.server.service.MatchmakingService    : [MATCHMAKING MATCH FOUND] Valid pair identified: userA <-> userD for mode VOICE
2026-09-03T02:04:16.901-04:00  INFO 8564 --- [           main] c.c.server.service.MatchmakingService    : [MATCHMAKING TRANSACTION] Executing voice ticket reservation for userA and userD...
2026-09-03T02:04:16.901-04:00  INFO 8564 --- [           main] c.c.server.service.DatabaseService       : [DB TRANSACTION] Starting atomic ticket reservation for userId: userA
2026-09-03T02:04:16.903-04:00  INFO 8564 --- [           main] c.c.server.service.DatabaseService       : [DB TRANSACTION SUCCESS] Reserved 1 voice ticket for userId: userA. New Balance: 4
2026-09-03T02:04:16.905-04:00  INFO 8564 --- [           main] c.c.server.service.DatabaseService       : [DB TRANSACTION] Starting atomic ticket reservation for userId: userD
2026-09-03T02:04:16.906-04:00  INFO 8564 --- [           main] c.c.server.service.DatabaseService       : [DB TRANSACTION SUCCESS] Reserved 1 voice ticket for userId: userD. New Balance: 0
2026-09-03T02:04:16.907-04:00  INFO 8564 --- [           main] c.c.server.service.MatchmakingService    : [MATCHMAKING ROOM INIT] Creating room room_83a94cf4 for Explorer userA (userA) and Guide userD (userD) [Mode: VOICE]
2026-09-03T02:04:16.908-04:00  INFO 8564 --- [           main] c.c.server.service.GameSessionService    : [GAME SESSION INIT] Building room room_83a94cf4 [Explorer: userA (userA), Guide: userD (userD), Mode: VOICE]
2026-09-03T02:04:16.908-04:00  INFO 8564 --- [           main] c.c.server.service.GameSessionService    : [GAME SESSION LIVEKIT] Signing LiveKit JWT access tokens for roomId: room_83a94cf4
2026-09-03T02:04:16.910-04:00  INFO 8564 --- [           main] c.c.server.service.GameSessionService    : [GAME SESSION NOTIFY] Dispatching SESSION_INIT packet to Explorer (userA) with partner data (userD)
2026-09-03T02:04:16.911-04:00  INFO 8564 --- [           main] c.c.server.service.GameSessionService    : [GAME SESSION NOTIFY] Dispatching SESSION_INIT packet to Guide (userD) with partner data (userA)
2026-09-03T02:04:16.915-04:00  INFO 8564 --- [           main] c.c.server.service.DatabaseService       : [DB MAILBOX] Created new mailbox match letter: room_83a94cf4 between userA and userD
2026-09-03T02:04:16.916-04:00  WARN 8564 --- [           main] c.c.server.service.GameSessionService    : [GAME SESSION PAUSE] User userA disconnected from room room_83a94cf4. Transitioning to WAITING_RECONNECT (20s grace period).
2026-09-03T02:04:16.917-04:00  INFO 8564 --- [           main] c.c.server.service.GameSessionService    : [GAME SESSION NOTIFY] Sending GAME_PAUSED frame to connected partner...
2026-09-03T02:04:16.918-04:00  WARN 8564 --- [           main] c.c.server.service.GameSessionService    : [GAME SESSION TIMEOUT] 20-second grace window EXPIRED for room room_83a94cf4. Terminating game session.
2026-09-03T02:04:16.918-04:00  INFO 8564 --- [           main] c.c.server.service.GameSessionService    : [GAME SESSION REFUND CHECK] Both players confirmed start: false. Mode: VOICE
2026-09-03T02:04:16.919-04:00  WARN 8564 --- [           main] c.c.server.service.GameSessionService    : [GAME SESSION REFUND TRIGGERED] Game start not confirmed. Executing automatic ticket refunds for Explorer (userA) and Guide (userD).
2026-09-03T02:04:16.919-04:00  INFO 8564 --- [           main] c.c.server.service.DatabaseService       : [DB TRANSACTION] Starting ticket refund process for userId: userA
2026-09-03T02:04:16.921-04:00  INFO 8564 --- [           main] c.c.server.service.DatabaseService       : [DB TRANSACTION REFUNDED] Refunded 1 voice ticket to userId: userA. Updated Balance: 5
2026-09-03T02:04:16.922-04:00  INFO 8564 --- [           main] c.c.server.service.DatabaseService       : [DB TRANSACTION] Starting ticket refund process for userId: userD
2026-09-03T02:04:16.925-04:00  INFO 8564 --- [           main] c.c.server.service.DatabaseService       : [DB TRANSACTION REFUNDED] Refunded 1 voice ticket to userId: userD. Updated Balance: 1
]]></system-out>
  </testcase>
  <testcase name="testAuthenticationTokens" classname="com.cozydating.server.GameServerTests" time="0.021">
    <system-out><![CDATA[2026-09-03T02:04:16.944-04:00  INFO 8564 --- [           main] c.c.server.service.MatchmakingService    : [MATCHMAKING CLEAR] Queue reset.
2026-09-03T02:04:16.944-04:00  INFO 8564 --- [           main] c.c.server.service.GameSessionService    : [GAME SESSION CLEAR] All rooms reset.
2026-09-03T02:04:16.949-04:00  WARN 8564 --- [           main] com.cozydating.server.util.JwtUtil       : JWT token verification failed: The Token's Signature resulted invalid when verified using the Algorithm: HmacSHA256
]]></system-out>
  </testcase>
  <testcase name="testNoRefundIfGameStarted" classname="com.cozydating.server.GameServerTests" time="0.038">
    <system-out><![CDATA[2026-09-03T02:04:16.960-04:00  INFO 8564 --- [           main] c.c.server.service.MatchmakingService    : [MATCHMAKING CLEAR] Queue reset.
2026-09-03T02:04:16.960-04:00  INFO 8564 --- [           main] c.c.server.service.GameSessionService    : [GAME SESSION CLEAR] All rooms reset.
2026-09-03T02:04:16.961-04:00  INFO 8564 --- [           main] c.c.server.service.MatchmakingService    : [MATCHMAKING REQUEST] User userA (null) requesting to join queue [Commune: Santiago, TimeSlot: 20, Mode: VOICE]
2026-09-03T02:04:16.962-04:00  INFO 8564 --- [           main] c.c.server.service.MatchmakingService    : [MATCHMAKING VOICE CHECK] User userA tickets balance: 5
2026-09-03T02:04:16.964-04:00  INFO 8564 --- [           main] c.c.server.service.MatchmakingService    : [MATCHMAKING QUEUED] User userA successfully added to queue. Current Queue Size: 1
2026-09-03T02:04:16.964-04:00  INFO 8564 --- [           main] c.c.server.service.MatchmakingService    : [MATCHMAKING SCAN] Scanning active queue of 1 candidates...
2026-09-03T02:04:16.964-04:00  INFO 8564 --- [           main] c.c.server.service.MatchmakingService    : [MATCHMAKING SCAN] Insufficient candidates (<2) in queue. Waiting for more users.
2026-09-03T02:04:16.964-04:00  INFO 8564 --- [           main] c.c.server.service.MatchmakingService    : [MATCHMAKING REQUEST] User userD (null) requesting to join queue [Commune: Santiago, TimeSlot: 20, Mode: VOICE]
2026-09-03T02:04:16.965-04:00  INFO 8564 --- [           main] c.c.server.service.MatchmakingService    : [MATCHMAKING VOICE CHECK] User userD tickets balance: 1
2026-09-03T02:04:16.966-04:00  INFO 8564 --- [           main] c.c.server.service.MatchmakingService    : [MATCHMAKING QUEUED] User userD successfully added to queue. Current Queue Size: 2
2026-09-03T02:04:16.967-04:00  INFO 8564 --- [           main] c.c.server.service.MatchmakingService    : [MATCHMAKING SCAN] Scanning active queue of 2 candidates...
2026-09-03T02:04:16.967-04:00  INFO 8564 --- [           main] c.c.server.service.MatchmakingService    : [MATCHMAKING EVAL] Comparing candidate A (userA) with candidate B (userD)...
2026-09-03T02:04:16.969-04:00  INFO 8564 --- [           main] c.c.server.service.DatabaseService       : [DB BLOCK CHECK] Block check between userA and userD: NO BLOCKS FOUND (Clean)
2026-09-03T02:04:16.970-04:00  INFO 8564 --- [           main] c.c.server.service.MatchmakingService    : [MATCHMAKING EVAL RESULT] Candidates (userA vs userD): Mode: true, Commune: true, Slot: true, DiffUser: true, NotBlocked: true
2026-09-03T02:04:16.970-04:00  INFO 8564 --- [           main] c.c.server.service.MatchmakingService    : [MATCHMAKING MATCH FOUND] Valid pair identified: userA <-> userD for mode VOICE
2026-09-03T02:04:16.970-04:00  INFO 8564 --- [           main] c.c.server.service.MatchmakingService    : [MATCHMAKING TRANSACTION] Executing voice ticket reservation for userA and userD...
2026-09-03T02:04:16.970-04:00  INFO 8564 --- [           main] c.c.server.service.DatabaseService       : [DB TRANSACTION] Starting atomic ticket reservation for userId: userA
2026-09-03T02:04:16.973-04:00  INFO 8564 --- [           main] c.c.server.service.DatabaseService       : [DB TRANSACTION SUCCESS] Reserved 1 voice ticket for userId: userA. New Balance: 4
2026-09-03T02:04:16.975-04:00  INFO 8564 --- [           main] c.c.server.service.DatabaseService       : [DB TRANSACTION] Starting atomic ticket reservation for userId: userD
2026-09-03T02:04:16.976-04:00  INFO 8564 --- [           main] c.c.server.service.DatabaseService       : [DB TRANSACTION SUCCESS] Reserved 1 voice ticket for userId: userD. New Balance: 0
2026-09-03T02:04:16.977-04:00  INFO 8564 --- [           main] c.c.server.service.MatchmakingService    : [MATCHMAKING ROOM INIT] Creating room room_57d81a59 for Explorer userA (userA) and Guide userD (userD) [Mode: VOICE]
2026-09-03T02:04:16.977-04:00  INFO 8564 --- [           main] c.c.server.service.GameSessionService    : [GAME SESSION INIT] Building room room_57d81a59 [Explorer: userA (userA), Guide: userD (userD), Mode: VOICE]
2026-09-03T02:04:16.977-04:00  INFO 8564 --- [           main] c.c.server.service.GameSessionService    : [GAME SESSION LIVEKIT] Signing LiveKit JWT access tokens for roomId: room_57d81a59
2026-09-03T02:04:16.978-04:00  INFO 8564 --- [           main] c.c.server.service.GameSessionService    : [GAME SESSION NOTIFY] Dispatching SESSION_INIT packet to Explorer (userA) with partner data (userD)
2026-09-03T02:04:16.979-04:00  INFO 8564 --- [           main] c.c.server.service.GameSessionService    : [GAME SESSION NOTIFY] Dispatching SESSION_INIT packet to Guide (userD) with partner data (userA)
2026-09-03T02:04:16.984-04:00  INFO 8564 --- [           main] c.c.server.service.DatabaseService       : [DB MAILBOX] Created new mailbox match letter: room_57d81a59 between userA and userD
2026-09-03T02:04:16.984-04:00  INFO 8564 --- [           main] c.c.server.service.GameSessionService    : [GAME SESSION READY] User userA confirmed GAME_READY in room room_57d81a59
2026-09-03T02:04:16.984-04:00  INFO 8564 --- [           main] c.c.server.service.GameSessionService    : [GAME SESSION READY] User userD confirmed GAME_READY in room room_57d81a59
2026-09-03T02:04:16.985-04:00  WARN 8564 --- [           main] c.c.server.service.GameSessionService    : [GAME SESSION PAUSE] User userA disconnected from room room_57d81a59. Transitioning to WAITING_RECONNECT (20s grace period).
2026-09-03T02:04:16.985-04:00  INFO 8564 --- [           main] c.c.server.service.GameSessionService    : [GAME SESSION NOTIFY] Sending GAME_PAUSED frame to connected partner...
2026-09-03T02:04:16.986-04:00  WARN 8564 --- [           main] c.c.server.service.GameSessionService    : [GAME SESSION TIMEOUT] 20-second grace window EXPIRED for room room_57d81a59. Terminating game session.
2026-09-03T02:04:16.986-04:00  INFO 8564 --- [           main] c.c.server.service.GameSessionService    : [GAME SESSION REFUND CHECK] Both players confirmed start: true. Mode: VOICE
]]></system-out>
  </testcase>
</testsuite>