<?xml version="1.0" encoding="UTF-8"?>
<testsuite xmlns:xsi="http://www.w3.org/2001/XMLSchema-instance" xsi:noNamespaceSchemaLocation="https://maven.apache.org/surefire/maven-surefire-plugin/xsd/surefire-test-report-3.0.xsd" version="3.0" name="com.cozydating.server.AuthAndRoomPersistenceTests" time="10.483" tests="2" errors="0" skipped="0" failures="0">
  <properties>
[...]
</properties>
  <testcase name="testUserRegistrationAndLoginFlow" classname="com.cozydating.server.AuthAndRoomPersistenceTests" time="2.54">
    <system-out><![CDATA[00:44:00.191 [main] INFO org.springframework.test.context.support.AnnotationConfigContextLoaderUtils -- Could not detect default configuration classes for test class [com.cozydating.server.AuthAndRoomPersistenceTests]: AuthAndRoomPersistenceTests does not declare any static, non-private, non-final, nested classes annotated with @Configuration.
00:44:00.635 [main] INFO org.springframework.boot.test.context.SpringBootTestContextBootstrapper -- Found @SpringBootConfiguration com.cozydating.server.ServerApplication for test class com.cozydating.server.AuthAndRoomPersistenceTests

  .   ____          _            __ _ _
 /\\ / ___'_ __ _ _(_)_ __  __ _ \ \ \ \
( ( )\___ | '_ | '_| | '_ \/ _` | \ \ \ \
 \\/  ___)| |_)| | | | | || (_| |  ) ) ) )
  '  |____| .__|_| |_|_| |_\__, | / / / /
 =========|_|==============|___/=/_/_/_/
 :: Spring Boot ::                (v3.2.2)

2026-09-09T00:44:02.111-03:00  INFO 3772 --- [           main] c.c.server.AuthAndRoomPersistenceTests   : Starting AuthAndRoomPersistenceTests using Java 25.0.1 with PID 3772 (started by Asus in C:\Users\Asus\ProyectoJuegoDating\backend)
2026-09-09T00:44:02.115-03:00  INFO 3772 --- [           main] c.c.server.AuthAndRoomPersistenceTests   : The following 1 profile is active: "test"
2026-09-09T00:44:04.869-03:00  INFO 3772 --- [           main] c.c.server.service.DatabaseService       : [DB INIT] Initializing MySQL database schema and tables...
2026-09-09T00:44:04.887-03:00  INFO 3772 --- [           main] com.zaxxer.hikari.HikariDataSource       : HikariPool-1 - Starting...
2026-09-09T00:44:05.437-03:00  INFO 3772 --- [           main] com.zaxxer.hikari.pool.HikariPool        : HikariPool-1 - Added connection conn0: url=jdbc:h2:mem:testdb user=SA
2026-09-09T00:44:05.441-03:00  INFO 3772 --- [           main] com.zaxxer.hikari.HikariDataSource       : HikariPool-1 - Start completed.
2026-09-09T00:44:05.594-03:00  INFO 3772 --- [           main] c.c.server.service.DatabaseService       : [DB SEED] Seeding default test accounts with initial rooms, tastes, photos and avatars...
2026-09-09T00:44:05.831-03:00  INFO 3772 --- [           main] c.c.server.service.DatabaseService       : [DB SEED] Seeding complete: Alice(5), Bob(3), Charlie(0), David(10).
2026-09-09T00:44:07.201-03:00  INFO 3772 --- [           main] o.s.b.t.m.w.SpringBootMockServletContext : Initializing Spring TestDispatcherServlet ''
2026-09-09T00:44:07.202-03:00  INFO 3772 --- [           main] o.s.t.web.servlet.TestDispatcherServlet  : Initializing Servlet ''
2026-09-09T00:44:07.205-03:00  INFO 3772 --- [           main] o.s.t.web.servlet.TestDispatcherServlet  : Completed initialization in 3 ms
2026-09-09T00:44:07.259-03:00  INFO 3772 --- [           main] c.c.server.AuthAndRoomPersistenceTests   : Started AuthAndRoomPersistenceTests in 6.04 seconds (process running for 10.493)
]]></system-out>
    <system-err><![CDATA[WARNING: A Java agent has been loaded dynamically (C:\Users\Asus\.m2\repository\net\bytebuddy\byte-buddy-agent\1.14.11\byte-buddy-agent-1.14.11.jar)
WARNING: If a serviceability tool is in use, please run with -XX:+EnableDynamicAgentLoading to hide this warning
WARNING: If a serviceability tool is not in use, please run with -Djdk.instrument.traceUsage for more information
WARNING: Dynamic loading of agents will be disallowed by default in a future release
]]></system-err>
  </testcase>
  <testcase name="testRoomConfigPersistence" classname="com.cozydating.server.AuthAndRoomPersistenceTests" time="0.215"/>
</testsuite>