<?xml version="1.0" encoding="UTF-8"?>
<testsuite xmlns:xsi="http://www.w3.org/2001/XMLSchema-instance" xsi:noNamespaceSchemaLocation="https://maven.apache.org/surefire/maven-surefire-plugin/xsd/surefire-test-report-3.0.xsd" version="3.0" name="com.cozydating.server.GameServerTests" time="4.083" tests="8" errors="0" skipped="0" failures="0">
  <properties>
[...]
</properties>
  <testcase name="testDatabaseTicketAtomicTransactions" classname="com.cozydating.server.GameServerTests" time="0.835">
    <system-out><![CDATA[07:46:45.027 [main] INFO org.springframework.test.context.support.AnnotationConfigContextLoaderUtils -- Could not detect default configuration classes for test class [com.cozydating.server.GameServerTests]: GameServerTests does not declare any static, non-private, non-final, nested classes annotated with @Configuration.
07:46:45.185 [main] INFO org.springframework.boot.test.context.SpringBootTestContextBootstrapper -- Found @SpringBootConfiguration com.cozydating.server.ServerApplication for test class com.cozydating.server.GameServerTests

  .   ____          _            __ _ _
 /\\ / ___'_ __ _ _(_)_ __  __ _ \ \ \ \
( ( )\___ | '_ | '_| | '_ \/ _` | \ \ \ \
 \\/  ___)| |_)| | | | | || (_| |  ) ) ) )
  '  |____| .__|_| |_|_| |_\__, | / / / /
 =========|_|==============|___/=/_/_/_/
 :: Spring Boot ::                (v3.2.2)

2026-08-16T07:46:45.711-04:00  INFO 18528 --- [           main] com.cozydating.server.GameServerTests    : Starting GameServerTests using Java 25.0.1 with PID 18528 (started by Asus in C:\Users\Asus\ProyectoJuegoDating\backend)
2026-08-16T07:46:45.713-04:00  INFO 18528 --- [           main] com.cozydating.server.GameServerTests    : The following 1 profile is active: "test"
2026-08-16T07:46:46.809-04:00  INFO 18528 --- [           main] c.c.server.service.DatabaseService       : [DB INIT] Initializing MySQL database schema and tables...
2026-08-16T07:46:46.814-04:00  INFO 18528 --- [           main] com.zaxxer.hikari.HikariDataSource       : HikariPool-1 - Starting...
2026-08-16T07:46:47.101-04:00  INFO 18528 --- [           main] com.zaxxer.hikari.pool.HikariPool        : HikariPool-1 - Added connection conn0: url=jdbc:h2:mem:testdb user=SA
2026-08-16T07:46:47.114-04:00  INFO 18528 --- [           main] com.zaxxer.hikari.HikariDataSource       : HikariPool-1 - Start completed.
2026-08-16T07:46:47.159-04:00  INFO 18528 --- [           main] c.c.server.service.DatabaseService       : [DB SEED] Seeding default test accounts into MySQL...
2026-08-16T07:46:47.172-04:00  INFO 18528 --- [           main] c.c.server.service.DatabaseService       : [DB SEED] Seeding complete: Alice(5), Bob(3), Charlie(0), David(10).
2026-08-16T07:46:47.855-04:00  INFO 18528 --- [           main] com.cozydating.server.GameServerTests    : Started GameServerTests in 2.488 seconds (process running for 4.014)
2026-08-16T07:46:48.685-04:00  INFO 18528 --- [           main] c.c.server.service.MatchmakingService    : [MATCHMAKING CLEAR] Queue reset.
2026-08-16T07:46:48.686-04:00  INFO 18528 --- [           main] c.c.server.service.GameSessionService    : [GAME SESSION CLEAR] All rooms reset.
2026-08-16T07:46:48.700-04:00  INFO 18528 --- [           main] c.c.server.service.DatabaseService       : [DB TRANSACTION] Starting atomic ticket reservation for userId: userA
2026-08-16T07:46:48.705-04:00  INFO 18528 --- [           main] c.c.server.service.DatabaseService       : [DB TRANSACTION SUCCESS] Reserved 1 voice ticket for userId: userA. New Balance: 4
2026-08-16T07:46:48.708-04:00  INFO 18528 --- [           main] c.c.server.service.DatabaseService       : [DB TRANSACTION] Starting ticket refund process for userId: userA
2026-08-16T07:46:48.709-04:00  INFO 18528 --- [           main] c.c.server.service.DatabaseService       : [DB TRANSACTION REFUNDED] Refunded 1 voice ticket to userId: userA. Updated Balance: 5
2026-08-16T07:46:48.709-04:00  INFO 18528 --- [           main] c.c.server.service.DatabaseService       : [DB TRANSACTION] Starting atomic ticket reservation for userId: userC
2026-08-16T07:46:48.710-04:00  WARN 18528 --- [           main] c.c.server.service.DatabaseService       : [DB TRANSACTION REJECT] Cannot reserve ticket for userId: userC. Current Balance: 0
]]></system-out>
    <system-err><![CDATA[WARNING: A Java agent has been loaded dynamically (C:\Users\Asus\.m2\repository\net\bytebuddy\byte-buddy-agent\1.14.11\byte-buddy-agent-1.14.11.jar)
WARNING: If a serviceability tool is in use, please run with -XX:+EnableDynamicAgentLoading to hide this warning
WARNING: If a serviceability tool is not in use, please run with -Djdk.instrument.traceUsage for more information
WARNING: Dynamic loading of agents will be disallowed by default in a future release
]]></system-err>
  </testcase>
  <testcase name="testBlocklistExcludesMatch" classname="com.cozydating.server.GameServerTests" time="0.018">
    <system-out><![CDATA[2026-08-16T07:46:48.734-04:00  INFO 18528 --- [           main] c.c.server.service.MatchmakingService    : [MATCHMAKING CLEAR] Queue reset.
2026-08-16T07:46:48.734-04:00  INFO 18528 --- [           main] c.c.server.service.GameSessionService    : [GAME SESSION CLEAR] All rooms reset.
2026-08-16T07:46:48.736-04:00  INFO 18528 --- [           main] c.c.server.service.DatabaseService       : [DB BLOCK INSERT] Creating directional block entry: userA -> userB
2026-08-16T07:46:48.737-04:00  INFO 18528 --- [           main] c.c.server.service.DatabaseService       : [DB BLOCK SUCCESS] Directional block entry committed to MySQL database.
2026-08-16T07:46:48.738-04:00  INFO 18528 --- [           main] c.c.server.service.MatchmakingService    : [MATCHMAKING REQUEST] User userA requesting to join queue [Commune: Santiago, TimeSlot: 20, Mode: VOICE]
2026-08-16T07:46:48.738-04:00  INFO 18528 --- [           main] c.c.server.service.MatchmakingService    : [MATCHMAKING VOICE CHECK] User userA tickets balance: 5
2026-08-16T07:46:48.739-04:00  INFO 18528 --- [           main] c.c.server.service.MatchmakingService    : [MATCHMAKING QUEUED] User userA successfully added to queue. Current Queue Size: 1
2026-08-16T07:46:48.739-04:00  INFO 18528 --- [           main] c.c.server.service.MatchmakingService    : [MATCHMAKING SCAN] Scanning active queue of 1 candidates...
2026-08-16T07:46:48.739-04:00  INFO 18528 --- [           main] c.c.server.service.MatchmakingService    : [MATCHMAKING SCAN] Insufficient candidates (<2) in queue. Waiting for more users.
2026-08-16T07:46:48.739-04:00  INFO 18528 --- [           main] c.c.server.service.MatchmakingService    : [MATCHMAKING REQUEST] User userB requesting to join queue [Commune: Santiago, TimeSlot: 20, Mode: VOICE]
2026-08-16T07:46:48.739-04:00  INFO 18528 --- [           main] c.c.server.service.MatchmakingService    : [MATCHMAKING VOICE CHECK] User userB tickets balance: 3
2026-08-16T07:46:48.739-04:00  INFO 18528 --- [           main] c.c.server.service.MatchmakingService    : [MATCHMAKING QUEUED] User userB successfully added to queue. Current Queue Size: 2
2026-08-16T07:46:48.740-04:00  INFO 18528 --- [           main] c.c.server.service.MatchmakingService    : [MATCHMAKING SCAN] Scanning active queue of 2 candidates...
2026-08-16T07:46:48.740-04:00  INFO 18528 --- [           main] c.c.server.service.MatchmakingService    : [MATCHMAKING EVAL] Comparing candidate A (userA) with candidate B (userB)...
2026-08-16T07:46:48.745-04:00  INFO 18528 --- [           main] c.c.server.service.DatabaseService       : [DB BLOCK CHECK] Block check between userA and userB: BLOCKED (Match Excluded)
2026-08-16T07:46:48.745-04:00  INFO 18528 --- [           main] c.c.server.service.MatchmakingService    : [MATCHMAKING EVAL RESULT] Candidates (userA vs userB): Mode: true, Commune: true, Slot: true, DiffUser: true, NotBlocked: false
]]></system-out>
  </testcase>
  <testcase name="testEmergencyDisconnectAndPermanentBlock" classname="com.cozydating.server.GameServerTests" time="0.029">
    <system-out><![CDATA[2026-08-16T07:46:48.754-04:00  INFO 18528 --- [           main] c.c.server.service.MatchmakingService    : [MATCHMAKING CLEAR] Queue reset.
2026-08-16T07:46:48.755-04:00  INFO 18528 --- [           main] c.c.server.service.GameSessionService    : [GAME SESSION CLEAR] All rooms reset.
2026-08-16T07:46:48.755-04:00  INFO 18528 --- [           main] c.c.server.service.MatchmakingService    : [MATCHMAKING REQUEST] User userA requesting to join queue [Commune: Santiago, TimeSlot: 20, Mode: SILENT]
2026-08-16T07:46:48.755-04:00  INFO 18528 --- [           main] c.c.server.service.MatchmakingService    : [MATCHMAKING QUEUED] User userA successfully added to queue. Current Queue Size: 1
2026-08-16T07:46:48.755-04:00  INFO 18528 --- [           main] c.c.server.service.MatchmakingService    : [MATCHMAKING SCAN] Scanning active queue of 1 candidates...
2026-08-16T07:46:48.755-04:00  INFO 18528 --- [           main] c.c.server.service.MatchmakingService    : [MATCHMAKING SCAN] Insufficient candidates (<2) in queue. Waiting for more users.
2026-08-16T07:46:48.755-04:00  INFO 18528 --- [           main] c.c.server.service.MatchmakingService    : [MATCHMAKING REQUEST] User userB requesting to join queue [Commune: Santiago, TimeSlot: 20, Mode: SILENT]
2026-08-16T07:46:48.755-04:00  INFO 18528 --- [           main] c.c.server.service.MatchmakingService    : [MATCHMAKING QUEUED] User userB successfully added to queue. Current Queue Size: 2
2026-08-16T07:46:48.755-04:00  INFO 18528 --- [           main] c.c.server.service.MatchmakingService    : [MATCHMAKING SCAN] Scanning active queue of 2 candidates...
2026-08-16T07:46:48.756-04:00  INFO 18528 --- [           main] c.c.server.service.MatchmakingService    : [MATCHMAKING EVAL] Comparing candidate A (userA) with candidate B (userB)...
2026-08-16T07:46:48.756-04:00  INFO 18528 --- [           main] c.c.server.service.DatabaseService       : [DB BLOCK CHECK] Block check between userA and userB: NO BLOCKS FOUND (Clean)
2026-08-16T07:46:48.756-04:00  INFO 18528 --- [           main] c.c.server.service.MatchmakingService    : [MATCHMAKING EVAL RESULT] Candidates (userA vs userB): Mode: true, Commune: true, Slot: true, DiffUser: true, NotBlocked: true
2026-08-16T07:46:48.756-04:00  INFO 18528 --- [           main] c.c.server.service.MatchmakingService    : [MATCHMAKING MATCH FOUND] Valid pair identified: userA <-> userB for mode SILENT
2026-08-16T07:46:48.757-04:00  INFO 18528 --- [           main] c.c.server.service.MatchmakingService    : [MATCHMAKING ROOM INIT] Creating room room_6c9df1c4 for Explorer userA and Guide userB [Mode: SILENT]
2026-08-16T07:46:48.757-04:00  INFO 18528 --- [           main] c.c.server.service.GameSessionService    : [GAME SESSION INIT] Building room room_6c9df1c4 [Explorer: userA, Guide: userB, Mode: SILENT]
2026-08-16T07:46:48.758-04:00  INFO 18528 --- [           main] c.c.server.service.GameSessionService    : [GAME SESSION NOTIFY] Dispatching SESSION_INIT packet to Explorer (userA)
2026-08-16T07:46:48.774-04:00  INFO 18528 --- [           main] c.c.server.service.GameSessionService    : [GAME SESSION NOTIFY] Dispatching SESSION_INIT packet to Guide (userB)
2026-08-16T07:46:48.775-04:00  WARN 18528 --- [           main] c.c.server.service.GameSessionService    : [EXIT DISCONNECT] User userA triggered exit (ShouldBlock: true)! Destroying room room_6c9df1c4 in 0ms.
2026-08-16T07:46:48.775-04:00  INFO 18528 --- [           main] c.c.server.service.GameSessionService    : [EXIT BLOCK] Registering reciprocal permanent block between userA and userB in MySQL...
2026-08-16T07:46:48.775-04:00  INFO 18528 --- [           main] c.c.server.service.DatabaseService       : [DB BLOCK INSERT] Creating directional block entry: userA -> userB
2026-08-16T07:46:48.776-04:00  INFO 18528 --- [           main] c.c.server.service.DatabaseService       : [DB BLOCK SUCCESS] Directional block entry committed to MySQL database.
2026-08-16T07:46:48.777-04:00  INFO 18528 --- [           main] c.c.server.service.DatabaseService       : [DB BLOCK CHECK] Block check between userA and userB: BLOCKED (Match Excluded)
]]></system-out>
  </testcase>
  <testcase name="testMatchmakingAndTicketReservation" classname="com.cozydating.server.GameServerTests" time="0.071">
    <system-out><![CDATA[2026-08-16T07:46:48.784-04:00  INFO 18528 --- [           main] c.c.server.service.MatchmakingService    : [MATCHMAKING CLEAR] Queue reset.
2026-08-16T07:46:48.784-04:00  INFO 18528 --- [           main] c.c.server.service.GameSessionService    : [GAME SESSION CLEAR] All rooms reset.
2026-08-16T07:46:48.785-04:00  INFO 18528 --- [           main] c.c.server.service.MatchmakingService    : [MATCHMAKING REQUEST] User userA requesting to join queue [Commune: Santiago, TimeSlot: 20, Mode: VOICE]
2026-08-16T07:46:48.785-04:00  INFO 18528 --- [           main] c.c.server.service.MatchmakingService    : [MATCHMAKING VOICE CHECK] User userA tickets balance: 5
2026-08-16T07:46:48.785-04:00  INFO 18528 --- [           main] c.c.server.service.MatchmakingService    : [MATCHMAKING QUEUED] User userA successfully added to queue. Current Queue Size: 1
2026-08-16T07:46:48.785-04:00  INFO 18528 --- [           main] c.c.server.service.MatchmakingService    : [MATCHMAKING SCAN] Scanning active queue of 1 candidates...
2026-08-16T07:46:48.785-04:00  INFO 18528 --- [           main] c.c.server.service.MatchmakingService    : [MATCHMAKING SCAN] Insufficient candidates (<2) in queue. Waiting for more users.
2026-08-16T07:46:48.785-04:00  INFO 18528 --- [           main] c.c.server.service.MatchmakingService    : [MATCHMAKING REQUEST] User userB requesting to join queue [Commune: Santiago, TimeSlot: 20, Mode: VOICE]
2026-08-16T07:46:48.786-04:00  INFO 18528 --- [           main] c.c.server.service.MatchmakingService    : [MATCHMAKING VOICE CHECK] User userB tickets balance: 3
2026-08-16T07:46:48.786-04:00  INFO 18528 --- [           main] c.c.server.service.MatchmakingService    : [MATCHMAKING QUEUED] User userB successfully added to queue. Current Queue Size: 2
2026-08-16T07:46:48.786-04:00  INFO 18528 --- [           main] c.c.server.service.MatchmakingService    : [MATCHMAKING SCAN] Scanning active queue of 2 candidates...
2026-08-16T07:46:48.786-04:00  INFO 18528 --- [           main] c.c.server.service.MatchmakingService    : [MATCHMAKING EVAL] Comparing candidate A (userA) with candidate B (userB)...
2026-08-16T07:46:48.786-04:00  INFO 18528 --- [           main] c.c.server.service.DatabaseService       : [DB BLOCK CHECK] Block check between userA and userB: NO BLOCKS FOUND (Clean)
2026-08-16T07:46:48.787-04:00  INFO 18528 --- [           main] c.c.server.service.MatchmakingService    : [MATCHMAKING EVAL RESULT] Candidates (userA vs userB): Mode: true, Commune: true, Slot: true, DiffUser: true, NotBlocked: true
2026-08-16T07:46:48.787-04:00  INFO 18528 --- [           main] c.c.server.service.MatchmakingService    : [MATCHMAKING MATCH FOUND] Valid pair identified: userA <-> userB for mode VOICE
2026-08-16T07:46:48.787-04:00  INFO 18528 --- [           main] c.c.server.service.MatchmakingService    : [MATCHMAKING TRANSACTION] Executing voice ticket reservation for userA and userB...
2026-08-16T07:46:48.787-04:00  INFO 18528 --- [           main] c.c.server.service.DatabaseService       : [DB TRANSACTION] Starting atomic ticket reservation for userId: userA
2026-08-16T07:46:48.788-04:00  INFO 18528 --- [           main] c.c.server.service.DatabaseService       : [DB TRANSACTION SUCCESS] Reserved 1 voice ticket for userId: userA. New Balance: 4
2026-08-16T07:46:48.788-04:00  INFO 18528 --- [           main] c.c.server.service.DatabaseService       : [DB TRANSACTION] Starting atomic ticket reservation for userId: userB
2026-08-16T07:46:48.789-04:00  INFO 18528 --- [           main] c.c.server.service.DatabaseService       : [DB TRANSACTION SUCCESS] Reserved 1 voice ticket for userId: userB. New Balance: 2
2026-08-16T07:46:48.789-04:00  INFO 18528 --- [           main] c.c.server.service.MatchmakingService    : [MATCHMAKING ROOM INIT] Creating room room_d69c874d for Explorer userA and Guide userB [Mode: VOICE]
2026-08-16T07:46:48.789-04:00  INFO 18528 --- [           main] c.c.server.service.GameSessionService    : [GAME SESSION INIT] Building room room_d69c874d [Explorer: userA, Guide: userB, Mode: VOICE]
2026-08-16T07:46:48.790-04:00  INFO 18528 --- [           main] c.c.server.service.GameSessionService    : [GAME SESSION LIVEKIT] Signing LiveKit JWT access tokens for roomId: room_d69c874d
2026-08-16T07:46:48.847-04:00  INFO 18528 --- [           main] c.c.server.service.GameSessionService    : [GAME SESSION NOTIFY] Dispatching SESSION_INIT packet to Explorer (userA)
2026-08-16T07:46:48.847-04:00  INFO 18528 --- [           main] c.c.server.service.GameSessionService    : [GAME SESSION NOTIFY] Dispatching SESSION_INIT packet to Guide (userB)
]]></system-out>
  </testcase>
  <testcase name="testReciprocalBlocks" classname="com.cozydating.server.GameServerTests" time="0.009">
    <system-out><![CDATA[2026-08-16T07:46:48.857-04:00  INFO 18528 --- [           main] c.c.server.service.MatchmakingService    : [MATCHMAKING CLEAR] Queue reset.
2026-08-16T07:46:48.858-04:00  INFO 18528 --- [           main] c.c.server.service.GameSessionService    : [GAME SESSION CLEAR] All rooms reset.
2026-08-16T07:46:48.859-04:00  INFO 18528 --- [           main] c.c.server.service.DatabaseService       : [DB BLOCK CHECK] Block check between userA and userB: NO BLOCKS FOUND (Clean)
2026-08-16T07:46:48.859-04:00  INFO 18528 --- [           main] c.c.server.service.DatabaseService       : [DB BLOCK INSERT] Creating directional block entry: userA -> userB
2026-08-16T07:46:48.859-04:00  INFO 18528 --- [           main] c.c.server.service.DatabaseService       : [DB BLOCK SUCCESS] Directional block entry committed to MySQL database.
2026-08-16T07:46:48.859-04:00  INFO 18528 --- [           main] c.c.server.service.DatabaseService       : [DB BLOCK CHECK] Block check between userA and userB: BLOCKED (Match Excluded)
2026-08-16T07:46:48.859-04:00  INFO 18528 --- [           main] c.c.server.service.DatabaseService       : [DB BLOCK CHECK] Block check between userB and userA: BLOCKED (Match Excluded)
]]></system-out>
  </testcase>
  <testcase name="testWaitingReconnectGraceTimeoutRefunds" classname="com.cozydating.server.GameServerTests" time="0.018">
    <system-out><![CDATA[2026-08-16T07:46:48.867-04:00  INFO 18528 --- [           main] c.c.server.service.MatchmakingService    : [MATCHMAKING CLEAR] Queue reset.
2026-08-16T07:46:48.867-04:00  INFO 18528 --- [           main] c.c.server.service.GameSessionService    : [GAME SESSION CLEAR] All rooms reset.
2026-08-16T07:46:48.868-04:00  INFO 18528 --- [           main] c.c.server.service.MatchmakingService    : [MATCHMAKING REQUEST] User userA requesting to join queue [Commune: Santiago, TimeSlot: 20, Mode: VOICE]
2026-08-16T07:46:48.868-04:00  INFO 18528 --- [           main] c.c.server.service.MatchmakingService    : [MATCHMAKING VOICE CHECK] User userA tickets balance: 5
2026-08-16T07:46:48.868-04:00  INFO 18528 --- [           main] c.c.server.service.MatchmakingService    : [MATCHMAKING QUEUED] User userA successfully added to queue. Current Queue Size: 1
2026-08-16T07:46:48.868-04:00  INFO 18528 --- [           main] c.c.server.service.MatchmakingService    : [MATCHMAKING SCAN] Scanning active queue of 1 candidates...
2026-08-16T07:46:48.868-04:00  INFO 18528 --- [           main] c.c.server.service.MatchmakingService    : [MATCHMAKING SCAN] Insufficient candidates (<2) in queue. Waiting for more users.
2026-08-16T07:46:48.868-04:00  INFO 18528 --- [           main] c.c.server.service.MatchmakingService    : [MATCHMAKING REQUEST] User userD requesting to join queue [Commune: Santiago, TimeSlot: 20, Mode: VOICE]
2026-08-16T07:46:48.869-04:00  INFO 18528 --- [           main] c.c.server.service.MatchmakingService    : [MATCHMAKING VOICE CHECK] User userD tickets balance: 1
2026-08-16T07:46:48.869-04:00  INFO 18528 --- [           main] c.c.server.service.MatchmakingService    : [MATCHMAKING QUEUED] User userD successfully added to queue. Current Queue Size: 2
2026-08-16T07:46:48.869-04:00  INFO 18528 --- [           main] c.c.server.service.MatchmakingService    : [MATCHMAKING SCAN] Scanning active queue of 2 candidates...
2026-08-16T07:46:48.869-04:00  INFO 18528 --- [           main] c.c.server.service.MatchmakingService    : [MATCHMAKING EVAL] Comparing candidate A (userA) with candidate B (userD)...
2026-08-16T07:46:48.870-04:00  INFO 18528 --- [           main] c.c.server.service.DatabaseService       : [DB BLOCK CHECK] Block check between userA and userD: NO BLOCKS FOUND (Clean)
2026-08-16T07:46:48.870-04:00  INFO 18528 --- [           main] c.c.server.service.MatchmakingService    : [MATCHMAKING EVAL RESULT] Candidates (userA vs userD): Mode: true, Commune: true, Slot: true, DiffUser: true, NotBlocked: true
2026-08-16T07:46:48.870-04:00  INFO 18528 --- [           main] c.c.server.service.MatchmakingService    : [MATCHMAKING MATCH FOUND] Valid pair identified: userA <-> userD for mode VOICE
2026-08-16T07:46:48.870-04:00  INFO 18528 --- [           main] c.c.server.service.MatchmakingService    : [MATCHMAKING TRANSACTION] Executing voice ticket reservation for userA and userD...
2026-08-16T07:46:48.870-04:00  INFO 18528 --- [           main] c.c.server.service.DatabaseService       : [DB TRANSACTION] Starting atomic ticket reservation for userId: userA
2026-08-16T07:46:48.871-04:00  INFO 18528 --- [           main] c.c.server.service.DatabaseService       : [DB TRANSACTION SUCCESS] Reserved 1 voice ticket for userId: userA. New Balance: 4
2026-08-16T07:46:48.871-04:00  INFO 18528 --- [           main] c.c.server.service.DatabaseService       : [DB TRANSACTION] Starting atomic ticket reservation for userId: userD
2026-08-16T07:46:48.872-04:00  INFO 18528 --- [           main] c.c.server.service.DatabaseService       : [DB TRANSACTION SUCCESS] Reserved 1 voice ticket for userId: userD. New Balance: 0
2026-08-16T07:46:48.872-04:00  INFO 18528 --- [           main] c.c.server.service.MatchmakingService    : [MATCHMAKING ROOM INIT] Creating room room_13cb48ab for Explorer userA and Guide userD [Mode: VOICE]
2026-08-16T07:46:48.872-04:00  INFO 18528 --- [           main] c.c.server.service.GameSessionService    : [GAME SESSION INIT] Building room room_13cb48ab [Explorer: userA, Guide: userD, Mode: VOICE]
2026-08-16T07:46:48.872-04:00  INFO 18528 --- [           main] c.c.server.service.GameSessionService    : [GAME SESSION LIVEKIT] Signing LiveKit JWT access tokens for roomId: room_13cb48ab
2026-08-16T07:46:48.873-04:00  INFO 18528 --- [           main] c.c.server.service.GameSessionService    : [GAME SESSION NOTIFY] Dispatching SESSION_INIT packet to Explorer (userA)
2026-08-16T07:46:48.873-04:00  INFO 18528 --- [           main] c.c.server.service.GameSessionService    : [GAME SESSION NOTIFY] Dispatching SESSION_INIT packet to Guide (userD)
2026-08-16T07:46:48.874-04:00  WARN 18528 --- [           main] c.c.server.service.GameSessionService    : [GAME SESSION PAUSE] User userA disconnected from room room_13cb48ab. Transitioning to WAITING_RECONNECT (20s grace period).
2026-08-16T07:46:48.874-04:00  INFO 18528 --- [           main] c.c.server.service.GameSessionService    : [GAME SESSION NOTIFY] Sending GAME_PAUSED frame to connected partner...
2026-08-16T07:46:48.875-04:00  WARN 18528 --- [           main] c.c.server.service.GameSessionService    : [GAME SESSION TIMEOUT] 20-second grace window EXPIRED for room room_13cb48ab. Terminating game session.
2026-08-16T07:46:48.875-04:00  INFO 18528 --- [           main] c.c.server.service.GameSessionService    : [GAME SESSION REFUND CHECK] Both players confirmed start: false. Mode: VOICE
2026-08-16T07:46:48.875-04:00  WARN 18528 --- [           main] c.c.server.service.GameSessionService    : [GAME SESSION REFUND TRIGGERED] Game start not confirmed. Executing automatic ticket refunds for Explorer (userA) and Guide (userD).
2026-08-16T07:46:48.876-04:00  INFO 18528 --- [           main] c.c.server.service.DatabaseService       : [DB TRANSACTION] Starting ticket refund process for userId: userA
2026-08-16T07:46:48.876-04:00  INFO 18528 --- [           main] c.c.server.service.DatabaseService       : [DB TRANSACTION REFUNDED] Refunded 1 voice ticket to userId: userA. Updated Balance: 5
2026-08-16T07:46:48.877-04:00  INFO 18528 --- [           main] c.c.server.service.DatabaseService       : [DB TRANSACTION] Starting ticket refund process for userId: userD
2026-08-16T07:46:48.878-04:00  INFO 18528 --- [           main] c.c.server.service.DatabaseService       : [DB TRANSACTION REFUNDED] Refunded 1 voice ticket to userId: userD. Updated Balance: 1
]]></system-out>
  </testcase>
  <testcase name="testAuthenticationTokens" classname="com.cozydating.server.GameServerTests" time="0.031">
    <system-out><![CDATA[2026-08-16T07:46:48.889-04:00  INFO 18528 --- [           main] c.c.server.service.MatchmakingService    : [MATCHMAKING CLEAR] Queue reset.
2026-08-16T07:46:48.890-04:00  INFO 18528 --- [           main] c.c.server.service.GameSessionService    : [GAME SESSION CLEAR] All rooms reset.
2026-08-16T07:46:48.913-04:00  WARN 18528 --- [           main] com.cozydating.server.util.JwtUtil       : JWT token verification failed: The Token's Signature resulted invalid when verified using the Algorithm: HmacSHA256
]]></system-out>
  </testcase>
  <testcase name="testNoRefundIfGameStarted" classname="com.cozydating.server.GameServerTests" time="0.012">
    <system-out><![CDATA[2026-08-16T07:46:48.920-04:00  INFO 18528 --- [           main] c.c.server.service.MatchmakingService    : [MATCHMAKING CLEAR] Queue reset.
2026-08-16T07:46:48.920-04:00  INFO 18528 --- [           main] c.c.server.service.GameSessionService    : [GAME SESSION CLEAR] All rooms reset.
2026-08-16T07:46:48.921-04:00  INFO 18528 --- [           main] c.c.server.service.MatchmakingService    : [MATCHMAKING REQUEST] User userA requesting to join queue [Commune: Santiago, TimeSlot: 20, Mode: VOICE]
2026-08-16T07:46:48.921-04:00  INFO 18528 --- [           main] c.c.server.service.MatchmakingService    : [MATCHMAKING VOICE CHECK] User userA tickets balance: 5
2026-08-16T07:46:48.921-04:00  INFO 18528 --- [           main] c.c.server.service.MatchmakingService    : [MATCHMAKING QUEUED] User userA successfully added to queue. Current Queue Size: 1
2026-08-16T07:46:48.921-04:00  INFO 18528 --- [           main] c.c.server.service.MatchmakingService    : [MATCHMAKING SCAN] Scanning active queue of 1 candidates...
2026-08-16T07:46:48.921-04:00  INFO 18528 --- [           main] c.c.server.service.MatchmakingService    : [MATCHMAKING SCAN] Insufficient candidates (<2) in queue. Waiting for more users.
2026-08-16T07:46:48.921-04:00  INFO 18528 --- [           main] c.c.server.service.MatchmakingService    : [MATCHMAKING REQUEST] User userD requesting to join queue [Commune: Santiago, TimeSlot: 20, Mode: VOICE]
2026-08-16T07:46:48.922-04:00  INFO 18528 --- [           main] c.c.server.service.MatchmakingService    : [MATCHMAKING VOICE CHECK] User userD tickets balance: 1
2026-08-16T07:46:48.922-04:00  INFO 18528 --- [           main] c.c.server.service.MatchmakingService    : [MATCHMAKING QUEUED] User userD successfully added to queue. Current Queue Size: 2
2026-08-16T07:46:48.922-04:00  INFO 18528 --- [           main] c.c.server.service.MatchmakingService    : [MATCHMAKING SCAN] Scanning active queue of 2 candidates...
2026-08-16T07:46:48.922-04:00  INFO 18528 --- [           main] c.c.server.service.MatchmakingService    : [MATCHMAKING EVAL] Comparing candidate A (userA) with candidate B (userD)...
2026-08-16T07:46:48.922-04:00  INFO 18528 --- [           main] c.c.server.service.DatabaseService       : [DB BLOCK CHECK] Block check between userA and userD: NO BLOCKS FOUND (Clean)
2026-08-16T07:46:48.922-04:00  INFO 18528 --- [           main] c.c.server.service.MatchmakingService    : [MATCHMAKING EVAL RESULT] Candidates (userA vs userD): Mode: true, Commune: true, Slot: true, DiffUser: true, NotBlocked: true
2026-08-16T07:46:48.922-04:00  INFO 18528 --- [           main] c.c.server.service.MatchmakingService    : [MATCHMAKING MATCH FOUND] Valid pair identified: userA <-> userD for mode VOICE
2026-08-16T07:46:48.922-04:00  INFO 18528 --- [           main] c.c.server.service.MatchmakingService    : [MATCHMAKING TRANSACTION] Executing voice ticket reservation for userA and userD...
2026-08-16T07:46:48.922-04:00  INFO 18528 --- [           main] c.c.server.service.DatabaseService       : [DB TRANSACTION] Starting atomic ticket reservation for userId: userA
2026-08-16T07:46:48.923-04:00  INFO 18528 --- [           main] c.c.server.service.DatabaseService       : [DB TRANSACTION SUCCESS] Reserved 1 voice ticket for userId: userA. New Balance: 4
2026-08-16T07:46:48.924-04:00  INFO 18528 --- [           main] c.c.server.service.DatabaseService       : [DB TRANSACTION] Starting atomic ticket reservation for userId: userD
2026-08-16T07:46:48.924-04:00  INFO 18528 --- [           main] c.c.server.service.DatabaseService       : [DB TRANSACTION SUCCESS] Reserved 1 voice ticket for userId: userD. New Balance: 0
2026-08-16T07:46:48.925-04:00  INFO 18528 --- [           main] c.c.server.service.MatchmakingService    : [MATCHMAKING ROOM INIT] Creating room room_62c0123e for Explorer userA and Guide userD [Mode: VOICE]
2026-08-16T07:46:48.925-04:00  INFO 18528 --- [           main] c.c.server.service.GameSessionService    : [GAME SESSION INIT] Building room room_62c0123e [Explorer: userA, Guide: userD, Mode: VOICE]
2026-08-16T07:46:48.925-04:00  INFO 18528 --- [           main] c.c.server.service.GameSessionService    : [GAME SESSION LIVEKIT] Signing LiveKit JWT access tokens for roomId: room_62c0123e
2026-08-16T07:46:48.925-04:00  INFO 18528 --- [           main] c.c.server.service.GameSessionService    : [GAME SESSION NOTIFY] Dispatching SESSION_INIT packet to Explorer (userA)
2026-08-16T07:46:48.926-04:00  INFO 18528 --- [           main] c.c.server.service.GameSessionService    : [GAME SESSION NOTIFY] Dispatching SESSION_INIT packet to Guide (userD)
2026-08-16T07:46:48.926-04:00  INFO 18528 --- [           main] c.c.server.service.GameSessionService    : [GAME SESSION READY] User userA confirmed GAME_READY in room room_62c0123e
2026-08-16T07:46:48.926-04:00  INFO 18528 --- [           main] c.c.server.service.GameSessionService    : [GAME SESSION READY] User userD confirmed GAME_READY in room room_62c0123e
2026-08-16T07:46:48.926-04:00  WARN 18528 --- [           main] c.c.server.service.GameSessionService    : [GAME SESSION PAUSE] User userA disconnected from room room_62c0123e. Transitioning to WAITING_RECONNECT (20s grace period).
2026-08-16T07:46:48.926-04:00  INFO 18528 --- [           main] c.c.server.service.GameSessionService    : [GAME SESSION NOTIFY] Sending GAME_PAUSED frame to connected partner...
2026-08-16T07:46:48.927-04:00  WARN 18528 --- [           main] c.c.server.service.GameSessionService    : [GAME SESSION TIMEOUT] 20-second grace window EXPIRED for room room_62c0123e. Terminating game session.
2026-08-16T07:46:48.927-04:00  INFO 18528 --- [           main] c.c.server.service.GameSessionService    : [GAME SESSION REFUND CHECK] Both players confirmed start: true. Mode: VOICE
]]></system-out>
  </testcase>
</testsuite>